  Project 4 - Bank And Currency System.cpp
C:\Users\Abdullrahman\Desktop\Programing\C++\Programming Advices\Course-11\clsString.h(43,19): warning C4267: 'return': conversion from 'size_t' to 'short', possible loss of data
C:\Users\Abdullrahman\Desktop\Programing\C++\Programming Advices\Course-11\clsString.h(58,24): warning C4267: '=': conversion from 'size_t' to 'short', possible loss of data
C:\Users\Abdullrahman\Desktop\Programing\C++\Programming Advices\Course-11\clsString.h(187,20): warning C4267: 'return': conversion from 'size_t' to 'short', possible loss of data
C:\Users\Abdullrahman\Desktop\Programing\C++\Programming Advices\Course-11\clsString.h(288,24): warning C4267: '=': conversion from 'size_t' to 'short', possible loss of data
C:\Users\Abdullrahman\Desktop\Programing\C++\Programming Advices\Course-11\clsString.h(322,16): warning C4267: 'initializing': conversion from 'size_t' to 'short', possible loss of data
C:\Users\Abdullrahman\Desktop\Programing\C++\Programming Advices\Course-11\clsString.h(372,13): warning C4267: 'initializing': conversion from 'size_t' to 'short', possible loss of data
C:\Users\Abdullrahman\Desktop\Programing\C++\Programming Advices\Course-11\clsString.h(376,17): warning C4267: '=': conversion from 'size_t' to 'short', possible loss of data
C:\Users\Abdullrahman\Desktop\Programing\C++\Programming Advices\Course-11\Project 4 - Bank And Currency System\Project 4 - Bank And Currency System\clsUtility.h(41,14): warning C4091: 'static ': ignored on left of 'clsUtility::enPrimeNotPrime' when no variable is declared
C:\Users\Abdullrahman\Desktop\Programing\C++\Programming Advices\Course-11\Project 4 - Bank And Currency System\Project 4 - Bank And Currency System\clsUtility.h(287,14): warning C4091: 'static ': ignored on left of 'clsUtility::enCharType' when no variable is declared
C:\Users\Abdullrahman\Desktop\Programing\C++\Programming Advices\Course-11\Project 4 - Bank And Currency System\Project 4 - Bank And Currency System\clsUtility.h(47,9): warning C4244: 'initializing': conversion from 'double' to 'int', possible loss of data
C:\Users\Abdullrahman\Desktop\Programing\C++\Programming Advices\Course-11\Project 4 - Bank And Currency System\Project 4 - Bank And Currency System\clsUtility.h(666,13): warning C4244: 'return': conversion from 'double' to 'int', possible loss of data
C:\Users\Abdullrahman\Desktop\Programing\C++\Programming Advices\Course-11\Project 4 - Bank And Currency System\Project 4 - Bank And Currency System\clsUser.h(189,14): warning C4091: 'static ': ignored on left of 'clsUser::enPermissions' when no variable is declared
C:\Users\Abdullrahman\Desktop\Programing\C++\Programming Advices\Course-11\Project 4 - Bank And Currency System\Project 4 - Bank And Currency System\clsUser.h(39,129): warning C4244: 'argument': conversion from 'double' to 'int', possible loss of data
C:\Users\Abdullrahman\Desktop\Programing\C++\Programming Advices\Course-11\Project 4 - Bank And Currency System\Project 4 - Bank And Currency System\clsBankClient.h(43,108): warning C4244: 'argument': conversion from 'double' to 'float', possible loss of data
C:\Users\Abdullrahman\Desktop\Programing\C++\Programming Advices\Course-11\Project 4 - Bank And Currency System\Project 4 - Bank And Currency System\clsBankClient.h(412,22): warning C4244: '+=': conversion from 'double' to 'float', possible loss of data
C:\Users\Abdullrahman\Desktop\Programing\C++\Programming Advices\Course-11\Project 4 - Bank And Currency System\Project 4 - Bank And Currency System\clsBankClient.h(424,23): warning C4244: '-=': conversion from 'double' to 'float', possible loss of data
C:\Users\Abdullrahman\Desktop\Programing\C++\Programming Advices\Course-11\Project 4 - Bank And Currency System\Project 4 - Bank And Currency System\clsInputValidate.h(101,16): warning C4244: 'initializing': conversion from 'double' to 'float', possible loss of data
C:\Users\Abdullrahman\Desktop\Programing\C++\Programming Advices\Course-11\Project 4 - Bank And Currency System\Project 4 - Bank And Currency System\clsInputValidate.h(105,26): warning C4244: '=': conversion from 'double' to 'float', possible loss of data
C:\Users\Abdullrahman\Desktop\Programing\C++\Programming Advices\Course-11\Project 4 - Bank And Currency System\Project 4 - Bank And Currency System\clsUpdateClient.h(39,64): warning C4244: 'argument': conversion from 'double' to 'float', possible loss of data
C:\Users\Abdullrahman\Desktop\Programing\C++\Programming Advices\Course-11\Project 4 - Bank And Currency System\Project 4 - Bank And Currency System\clsAddNewClient.h(37,64): warning C4244: 'argument': conversion from 'double' to 'float', possible loss of data
C:\Users\Abdullrahman\Desktop\Programing\C++\Programming Advices\Course-11\Project 4 - Bank And Currency System\Project 4 - Bank And Currency System\clsShowClientList.h(98,59): warning C4244: 'argument': conversion from 'double' to 'int', possible loss of data
C:\Users\Abdullrahman\Desktop\Programing\C++\Programming Advices\Course-11\Project 4 - Bank And Currency System\Project 4 - Bank And Currency System\clsDepositScreen.h(35,34): warning C4244: 'argument': conversion from 'double' to 'float', possible loss of data
C:\Users\Abdullrahman\Desktop\Programing\C++\Programming Advices\Course-11\Project 4 - Bank And Currency System\Project 4 - Bank And Currency System\clsFindCurrencyScreen.h(67,46): warning C4244: '=': conversion from 'double' to 'short', possible loss of data
C:\Users\Abdullrahman\Desktop\Programing\C++\Programming Advices\Course-11\Project 4 - Bank And Currency System\Project 4 - Bank And Currency System\clsUpdateCurrencyScreen.h(30,52): warning C4244: '=': conversion from 'double' to 'float', possible loss of data
C:\Users\Abdullrahman\Desktop\Programing\C++\Programming Advices\Course-11\Project 4 - Bank And Currency System\Project 4 - Bank And Currency System\clsCurrencyCalculator.h(74,55): warning C4244: '=': conversion from 'double' to 'float', possible loss of data
C:\Users\Abdullrahman\Desktop\Programing\C++\Programming Advices\Course-11\Project 4 - Bank And Currency System\Project 4 - Bank And Currency System\clsBankClient.h(365,1): warning C4715: 'clsBankClient::Save': not all control paths return a value
C:\Users\Abdullrahman\Desktop\Programing\C++\Programming Advices\Course-11\Project 4 - Bank And Currency System\Project 4 - Bank And Currency System\clsBankClient.h(441,1): warning C4715: 'clsBankClient::Transfer': not all control paths return a value
C:\Users\Abdullrahman\Desktop\Programing\C++\Programming Advices\Course-11\Project 4 - Bank And Currency System\Project 4 - Bank And Currency System\clsBankClient.h(427,1): warning C4715: 'clsBankClient::Withdraw': not all control paths return a value
C:\Users\Abdullrahman\Desktop\Programing\C++\Programming Advices\Course-11\Project 4 - Bank And Currency System\Project 4 - Bank And Currency System\clsUser.h(350,1): warning C4715: 'clsUser::Save': not all control paths return a value
  Project 4 - Bank And Currency System.vcxproj -> C:\Users\Abdullrahman\Desktop\Programing\C++\Programming Advices\Course-11\Project 4 - Bank And Currency System\x64\Debug\Project 4 - Bank And Currency System.exe
